app/build/intermediates/manifest_merge_blame_file/debug/processDebugMainManifest/manifest-merger-blame-debug-report.txt
1<?xml version="1.0" encoding="utf-8"?>
2<manifest xmlns:android="http://schemas.android.com/apk/res/android"
3    package="com.example.pratica"
4    android:versionCode="1"
5    android:versionName="1.0" >
6
7    <uses-sdk
8        android:minSdkVersion="24"
9        android:targetSdkVersion="34" />
10
11    <uses-feature
11-->src\main\AndroidManifest.xml:4:5-6:36
12        android:name="android.hardware.camera"
12-->src\main\AndroidManifest.xml:5:9-47
13        android:required="false" />
13-->src\main\AndroidManifest.xml:6:9-33
14    <uses-feature
14-->src\main\AndroidManifest.xml:7:5-9:36
15        android:name="android.hardware.camera.flash"
15-->src\main\AndroidManifest.xml:8:9-53
16        android:required="false" />
16-->src\main\AndroidManifest.xml:9:9-33
17
18    <permission
18-->src\main\AndroidManifest.xml:11:5-13:47
19        android:name="com.example.pratica.permission.MAPS_RECEIVE"
19-->src\main\AndroidManifest.xml:12:9-67
20        android:protectionLevel="signature" />
20-->src\main\AndroidManifest.xml:13:9-44
21
22    <uses-permission android:name="android.permission.INTERNET" />
22-->src\main\AndroidManifest.xml:15:5-67
22-->src\main\AndroidManifest.xml:15:22-64
23    <uses-permission android:name="android.permission.ACCESS_NETWORK_STATE" />
23-->src\main\AndroidManifest.xml:16:5-79
23-->src\main\AndroidManifest.xml:16:22-76
24    <uses-permission android:name="android.permission.ACCESS_COARSE_LOCATION" />
24-->src\main\AndroidManifest.xml:17:5-81
24-->src\main\AndroidManifest.xml:17:22-78
25    <uses-permission android:name="android.permission.ACCESS_FINE_LOCATION" />
25-->src\main\AndroidManifest.xml:18:5-79
25-->src\main\AndroidManifest.xml:18:22-76
26    <uses-permission android:name="android.permission.CAMERA" />
26-->src\main\AndroidManifest.xml:19:5-65
26-->src\main\AndroidManifest.xml:19:22-62
27    <uses-permission android:name="android.permission.FLASHLIGHT" />
27-->src\main\AndroidManifest.xml:20:5-69
27-->src\main\AndroidManifest.xml:20:22-66
28    <uses-permission android:name="android.permission.VIBRATE" />
28-->src\main\AndroidManifest.xml:21:5-66
28-->src\main\AndroidManifest.xml:21:22-63
29
30    <uses-feature
30-->src\main\AndroidManifest.xml:23:5-25:36
31        android:glEsVersion="0x00020000"
31-->src\main\AndroidManifest.xml:24:9-41
32        android:required="true" />
32-->src\main\AndroidManifest.xml:25:9-33
33
34    <meta-data
34-->src\main\AndroidManifest.xml:27:5-29:65
35        android:name="com.google.android.gms.version"
35-->src\main\AndroidManifest.xml:28:9-54
36        android:value="@integer/google_play_services_version" />
36-->src\main\AndroidManifest.xml:29:9-62
37
38    <queries>
38-->[com.google.android.gms:play-services-maps:18.2.0] AndroidManifest.xml:30:5-34:15
39
40        <!-- Needs to be explicitly declared on Android R+ -->
41        <package android:name="com.google.android.apps.maps" />
41-->[com.google.android.gms:play-services-maps:18.2.0] AndroidManifest.xml:33:9-64
41-->[com.google.android.gms:play-services-maps:18.2.0] AndroidManifest.xml:33:18-61
42    </queries>
43
44    <permission
44-->[androidx.core:core:1.13.0] AndroidManifest.xml:22:5-24:47
45        android:name="com.example.pratica.DYNAMIC_RECEIVER_NOT_EXPORTED_PERMISSION"
45-->[androidx.core:core:1.13.0] AndroidManifest.xml:23:9-81
46        android:protectionLevel="signature" />
46-->[androidx.core:core:1.13.0] AndroidManifest.xml:24:9-44
47
48    <uses-permission android:name="com.example.pratica.DYNAMIC_RECEIVER_NOT_EXPORTED_PERMISSION" />
48-->[androidx.core:core:1.13.0] AndroidManifest.xml:26:5-97
48-->[androidx.core:core:1.13.0] AndroidManifest.xml:26:22-94
49
50    <application
50-->src\main\AndroidManifest.xml:32:5-77:19
51        android:allowBackup="true"
51-->src\main\AndroidManifest.xml:32:18-44
52        android:appComponentFactory="androidx.core.app.CoreComponentFactory"
52-->[androidx.core:core:1.13.0] AndroidManifest.xml:28:18-86
53        android:dataExtractionRules="@xml/data_extraction_rules"
53-->src\main\AndroidManifest.xml:32:45-101
54        android:debuggable="true"
55        android:extractNativeLibs="false"
56        android:fullBackupContent="@xml/backup_rules"
56-->src\main\AndroidManifest.xml:32:102-147
57        android:icon="@mipmap/ic_launcher"
57-->src\main\AndroidManifest.xml:32:148-182
58        android:label="pratica"
58-->src\main\AndroidManifest.xml:32:183-206
59        android:roundIcon="@mipmap/ic_launcher_round"
59-->src\main\AndroidManifest.xml:32:207-252
60        android:supportsRtl="true"
60-->src\main\AndroidManifest.xml:32:253-279
61        android:testOnly="true"
62        android:theme="@style/Theme.Pratica" >
62-->src\main\AndroidManifest.xml:32:280-316
63        <activity
63-->src\main\AndroidManifest.xml:33:9-38:20
64            android:name="com.example.pratica.MainActivity"
64-->src\main\AndroidManifest.xml:33:19-47
65            android:exported="true" >
65-->src\main\AndroidManifest.xml:33:48-71
66            <intent-filter>
66-->src\main\AndroidManifest.xml:34:13-37:29
67                <action android:name="android.intent.action.MAIN" />
67-->src\main\AndroidManifest.xml:35:17-68
67-->src\main\AndroidManifest.xml:35:25-66
68
69                <category android:name="android.intent.category.LAUNCHER" />
69-->src\main\AndroidManifest.xml:36:17-76
69-->src\main\AndroidManifest.xml:36:27-74
70            </intent-filter>
71        </activity>
72        <activity
72-->src\main\AndroidManifest.xml:39:9-41:20
73            android:name="com.example.pratica.P1Menu"
73-->src\main\AndroidManifest.xml:39:19-41
74            android:parentActivityName="com.example.pratica.MainActivity" >
74-->src\main\AndroidManifest.xml:39:42-84
75            <meta-data
75-->src\main\AndroidManifest.xml:40:13-102
76                android:name="android.support.PARENT_ACTIVITY"
76-->src\main\AndroidManifest.xml:40:24-70
77                android:value=".MainActivity" />
77-->src\main\AndroidManifest.xml:40:71-100
78        </activity>
79        <activity
79-->src\main\AndroidManifest.xml:42:9-44:20
80            android:name="com.example.pratica.P1Atividade1"
80-->src\main\AndroidManifest.xml:42:19-47
81            android:parentActivityName="com.example.pratica.P1Menu" >
81-->src\main\AndroidManifest.xml:42:48-84
82            <meta-data
82-->src\main\AndroidManifest.xml:40:13-102
83                android:name="android.support.PARENT_ACTIVITY"
83-->src\main\AndroidManifest.xml:40:24-70
84                android:value=".P1Menu" />
84-->src\main\AndroidManifest.xml:40:71-100
85        </activity>
86        <activity
86-->src\main\AndroidManifest.xml:45:9-47:20
87            android:name="com.example.pratica.P1Atividade2"
87-->src\main\AndroidManifest.xml:45:19-47
88            android:parentActivityName="com.example.pratica.P1Menu" >
88-->src\main\AndroidManifest.xml:45:48-84
89            <meta-data
89-->src\main\AndroidManifest.xml:40:13-102
90                android:name="android.support.PARENT_ACTIVITY"
90-->src\main\AndroidManifest.xml:40:24-70
91                android:value=".P1Menu" />
91-->src\main\AndroidManifest.xml:40:71-100
92        </activity>
93        <activity
93-->src\main\AndroidManifest.xml:48:9-50:20
94            android:name="com.example.pratica.P2Form"
94-->src\main\AndroidManifest.xml:48:19-41
95            android:parentActivityName="com.example.pratica.MainActivity" >
95-->src\main\AndroidManifest.xml:48:42-84
96            <meta-data
96-->src\main\AndroidManifest.xml:40:13-102
97                android:name="android.support.PARENT_ACTIVITY"
97-->src\main\AndroidManifest.xml:40:24-70
98                android:value=".MainActivity" />
98-->src\main\AndroidManifest.xml:40:71-100
99        </activity>
100        <activity
100-->src\main\AndroidManifest.xml:51:9-53:20
101            android:name="com.example.pratica.P2Sheet"
101-->src\main\AndroidManifest.xml:51:19-42
102            android:parentActivityName="com.example.pratica.P2Form" >
102-->src\main\AndroidManifest.xml:51:43-79
103            <meta-data
103-->src\main\AndroidManifest.xml:40:13-102
104                android:name="android.support.PARENT_ACTIVITY"
104-->src\main\AndroidManifest.xml:40:24-70
105                android:value=".P2Form" />
105-->src\main\AndroidManifest.xml:40:71-100
106        </activity>
107        <activity
107-->src\main\AndroidManifest.xml:54:9-56:20
108            android:name="com.example.pratica.P3Menu"
108-->src\main\AndroidManifest.xml:54:19-41
109            android:parentActivityName="com.example.pratica.MainActivity" >
109-->src\main\AndroidManifest.xml:54:42-84
110            <meta-data
110-->src\main\AndroidManifest.xml:40:13-102
111                android:name="android.support.PARENT_ACTIVITY"
111-->src\main\AndroidManifest.xml:40:24-70
112                android:value=".MainActivity" />
112-->src\main\AndroidManifest.xml:40:71-100
113        </activity>
114        <activity
114-->src\main\AndroidManifest.xml:57:9-59:20
115            android:name="com.example.pratica.P3Map"
115-->src\main\AndroidManifest.xml:57:19-40
116            android:parentActivityName="com.example.pratica.P3Menu" >
116-->src\main\AndroidManifest.xml:57:41-77
117            <meta-data
117-->src\main\AndroidManifest.xml:40:13-102
118                android:name="android.support.PARENT_ACTIVITY"
118-->src\main\AndroidManifest.xml:40:24-70
119                android:value=".P3Menu" />
119-->src\main\AndroidManifest.xml:40:71-100
120        </activity>
121        <activity
121-->src\main\AndroidManifest.xml:60:9-62:20
122            android:name="com.example.pratica.Report"
122-->src\main\AndroidManifest.xml:60:19-41
123            android:parentActivityName="com.example.pratica.P3Menu" >
123-->src\main\AndroidManifest.xml:60:42-78
124            <meta-data
124-->src\main\AndroidManifest.xml:40:13-102
125                android:name="android.support.PARENT_ACTIVITY"
125-->src\main\AndroidManifest.xml:40:24-70
126                android:value=".P3Menu" />
126-->src\main\AndroidManifest.xml:40:71-100
127        </activity>
128        <activity
128-->src\main\AndroidManifest.xml:63:9-70:20
129            android:name="com.example.pratica.P4Control"
129-->src\main\AndroidManifest.xml:64:13-38
130            android:parentActivityName="com.example.pratica.MainActivity" >
130-->src\main\AndroidManifest.xml:65:13-55
131        </activity>
132
133        <!-- CHAVE API KEY - MapasAndroidStudio - P05 (console API project) -->
134        <meta-data
134-->src\main\AndroidManifest.xml:73:9-75:71
135            android:name="com.google.android.maps.v2.API_KEY"
135-->src\main\AndroidManifest.xml:74:13-62
136            android:value="AIzaSyCNuOhwYppJMAbsEpKFEctObH5df78S1rU" />
136-->src\main\AndroidManifest.xml:75:13-68
137        <!-- com chave de debug -->
138        <!-- Needs to be explicitly declared on P+ -->
139        <uses-library
139-->[com.google.android.gms:play-services-maps:18.2.0] AndroidManifest.xml:39:9-41:40
140            android:name="org.apache.http.legacy"
140-->[com.google.android.gms:play-services-maps:18.2.0] AndroidManifest.xml:40:13-50
141            android:required="false" />
141-->[com.google.android.gms:play-services-maps:18.2.0] AndroidManifest.xml:41:13-37
142
143        <activity
143-->[com.google.android.gms:play-services-base:18.1.0] AndroidManifest.xml:20:9-22:45
144            android:name="com.google.android.gms.common.api.GoogleApiActivity"
144-->[com.google.android.gms:play-services-base:18.1.0] AndroidManifest.xml:20:19-85
145            android:exported="false"
145-->[com.google.android.gms:play-services-base:18.1.0] AndroidManifest.xml:22:19-43
146            android:theme="@android:style/Theme.Translucent.NoTitleBar" />
146-->[com.google.android.gms:play-services-base:18.1.0] AndroidManifest.xml:21:19-78
147
148        <meta-data
148-->src\main\AndroidManifest.xml:27:5-29:65
149            android:name="com.google.android.gms.version"
149-->src\main\AndroidManifest.xml:28:9-54
150            android:value="@integer/google_play_services_version" />
150-->src\main\AndroidManifest.xml:29:9-62
151
152        <provider
152-->[androidx.emoji2:emoji2:1.2.0] AndroidManifest.xml:24:9-32:20
153            android:name="androidx.startup.InitializationProvider"
153-->[androidx.emoji2:emoji2:1.2.0] AndroidManifest.xml:25:13-67
154            android:authorities="com.example.pratica.androidx-startup"
154-->[androidx.emoji2:emoji2:1.2.0] AndroidManifest.xml:26:13-68
155            android:exported="false" >
155-->[androidx.emoji2:emoji2:1.2.0] AndroidManifest.xml:27:13-37
156            <meta-data
156-->[androidx.emoji2:emoji2:1.2.0] AndroidManifest.xml:29:13-31:52
157                android:name="androidx.emoji2.text.EmojiCompatInitializer"
157-->[androidx.emoji2:emoji2:1.2.0] AndroidManifest.xml:30:17-75
158                android:value="androidx.startup" />
158-->[androidx.emoji2:emoji2:1.2.0] AndroidManifest.xml:31:17-49
159            <meta-data
159-->[androidx.lifecycle:lifecycle-process:2.6.2] AndroidManifest.xml:29:13-31:52
160                android:name="androidx.lifecycle.ProcessLifecycleInitializer"
160-->[androidx.lifecycle:lifecycle-process:2.6.2] AndroidManifest.xml:30:17-78
161                android:value="androidx.startup" />
161-->[androidx.lifecycle:lifecycle-process:2.6.2] AndroidManifest.xml:31:17-49
162            <meta-data
162-->[androidx.profileinstaller:profileinstaller:1.3.0] AndroidManifest.xml:29:13-31:52
163                android:name="androidx.profileinstaller.ProfileInstallerInitializer"
163-->[androidx.profileinstaller:profileinstaller:1.3.0] AndroidManifest.xml:30:17-85
164                android:value="androidx.startup" />
164-->[androidx.profileinstaller:profileinstaller:1.3.0] AndroidManifest.xml:31:17-49
165        </provider>
166
167        <receiver
167-->[androidx.profileinstaller:profileinstaller:1.3.0] AndroidManifest.xml:34:9-52:20
168            android:name="androidx.profileinstaller.ProfileInstallReceiver"
168-->[androidx.profileinstaller:profileinstaller:1.3.0] AndroidManifest.xml:35:13-76
169            android:directBootAware="false"
169-->[androidx.profileinstaller:profileinstaller:1.3.0] AndroidManifest.xml:36:13-44
170            android:enabled="true"
170-->[androidx.profileinstaller:profileinstaller:1.3.0] AndroidManifest.xml:37:13-35
171            android:exported="true"
171-->[androidx.profileinstaller:profileinstaller:1.3.0] AndroidManifest.xml:38:13-36
172            android:permission="android.permission.DUMP" >
172-->[androidx.profileinstaller:profileinstaller:1.3.0] AndroidManifest.xml:39:13-57
173            <intent-filter>
173-->[androidx.profileinstaller:profileinstaller:1.3.0] AndroidManifest.xml:40:13-42:29
174                <action android:name="androidx.profileinstaller.action.INSTALL_PROFILE" />
174-->[androidx.profileinstaller:profileinstaller:1.3.0] AndroidManifest.xml:41:17-91
174-->[androidx.profileinstaller:profileinstaller:1.3.0] AndroidManifest.xml:41:25-88
175            </intent-filter>
176            <intent-filter>
176-->[androidx.profileinstaller:profileinstaller:1.3.0] AndroidManifest.xml:43:13-45:29
177                <action android:name="androidx.profileinstaller.action.SKIP_FILE" />
177-->[androidx.profileinstaller:profileinstaller:1.3.0] AndroidManifest.xml:44:17-85
177-->[androidx.profileinstaller:profileinstaller:1.3.0] AndroidManifest.xml:44:25-82
178            </intent-filter>
179            <intent-filter>
179-->[androidx.profileinstaller:profileinstaller:1.3.0] AndroidManifest.xml:46:13-48:29
180                <action android:name="androidx.profileinstaller.action.SAVE_PROFILE" />
180-->[androidx.profileinstaller:profileinstaller:1.3.0] AndroidManifest.xml:47:17-88
180-->[androidx.profileinstaller:profileinstaller:1.3.0] AndroidManifest.xml:47:25-85
181            </intent-filter>
182            <intent-filter>
182-->[androidx.profileinstaller:profileinstaller:1.3.0] AndroidManifest.xml:49:13-51:29
183                <action android:name="androidx.profileinstaller.action.BENCHMARK_OPERATION" />
183-->[androidx.profileinstaller:profileinstaller:1.3.0] AndroidManifest.xml:50:17-95
183-->[androidx.profileinstaller:profileinstaller:1.3.0] AndroidManifest.xml:50:25-92
184            </intent-filter>
185        </receiver>
186    </application>
187
188</manifest>